<?xml version="1.0" encoding="UTF-8"?>
<!-- Generated by org.testng.reporters.JUnitReportReporter -->
<testsuite hostname="weiyideiMac.local" failures="0" tests="2" name="com.test.utils.test1" time="0.011" errors="0" timestamp="2020-03-26T16:43:01 CST" skipped="0">
  <testcase classname="com.test.utils.test1" name="para" time="0.009"/>
  <system-out/>
  <testcase classname="com.test.utils.test1" name="para" time="0.002"/>
  <system-out/>
</testsuite> <!-- com.test.utils.test1 -->
