<?xml version="1.0" encoding="UTF-8"?>
<!-- Generated by org.testng.reporters.JUnitReportReporter -->
<testsuite hostname="lubin-ThinkPad-L440" name="com.test.api.testPost" tests="1" failures="0" timestamp="16 Mar 2020 09:56:53 GMT" time="0.587" errors="0">
  <testcase name="testAssert" time="0.587" classname="com.test.api.testPost"/>
</testsuite> <!-- com.test.api.testPost -->
