<?xml version="1.0" encoding="UTF-8"?>
<!-- Generated by org.testng.reporters.JUnitReportReporter -->
<testsuite hostname="lubin-ThinkPad-L440" name="com.test.api.testGet" tests="1" failures="0" timestamp="8 Apr 2020 13:48:44 GMT" time="1.645" errors="0">
  <testcase name="run" time="1.645" classname="com.test.api.testGet"/>
</testsuite> <!-- com.test.api.testGet -->
