<?xml version="1.0" encoding="UTF-8"?>
<!-- Generated by org.testng.reporters.JUnitReportReporter -->
<testsuite hostname="weiyideiMac.local" failures="0" tests="1" name="com.test.api.testGet" time="1.672" errors="0" timestamp="2020-04-07T15:31:11 CST" skipped="0">
  <testcase classname="com.test.api.testGet" name="TestRequest" time="1.672"/>
  <system-out/>
</testsuite> <!-- com.test.api.testGet -->
