<?xml version="1.0" encoding="UTF-8"?>
<!-- Generated by org.testng.reporters.JUnitReportReporter -->
<testsuite hostname="weiyideiMac.local" failures="0" tests="1" name="com.test.api.testGet" time="1.036" errors="0" timestamp="2020-04-08T10:02:56 CST" skipped="0">
  <testcase classname="com.test.api.testGet" name="run" time="1.036"/>
  <system-out/>
</testsuite> <!-- com.test.api.testGet -->
