<?xml version="1.0" encoding="UTF-8"?>
<!-- Generated by org.testng.reporters.JUnitReportReporter -->
<testsuite hostname="weiyideiMac.local" failures="0" tests="1" name="com.test.api.testGet" time="0.480" errors="0" timestamp="2020-04-02T15:57:45 CST" skipped="0">
  <testcase classname="com.test.api.testGet" name="TestRequest" time="0.480"/>
  <system-out/>
</testsuite> <!-- com.test.api.testGet -->
