<?xml version="1.0" encoding="UTF-8"?>
<!-- Generated by org.testng.reporters.JUnitReportReporter -->
<testsuite hostname="weiyideiMac.local" name="com.test.api.testGet" tests="1" failures="0" timestamp="15 Apr 2020 03:55:20 GMT" time="1.690" errors="0">
  <testcase name="run" time="1.690" classname="com.test.api.testGet"/>
</testsuite> <!-- com.test.api.testGet -->
