<?xml version="1.0" encoding="UTF-8"?>
<!-- Generated by org.testng.reporters.JUnitReportReporter -->
<testsuite hostname="weiyideiMac.local" failures="0" tests="1" name="com.test.utils.CsvProcess" time="0.015" errors="0" timestamp="2020-03-26T17:31:13 CST" skipped="0">
  <testcase classname="com.test.utils.CsvProcess" name="readCsv" time="0.015"/>
  <system-out/>
</testsuite> <!-- com.test.utils.CsvProcess -->
