<?xml version="1.0" encoding="UTF-8"?>
<!-- Generated by org.testng.reporters.JUnitReportReporter -->
<testsuite hostname="weiyideiMac.local" name="com.test.api.testGet" tests="1" failures="0" timestamp="13 Apr 2020 04:31:01 GMT" time="2.215" errors="0">
  <testcase name="run" time="2.215" classname="com.test.api.testGet"/>
</testsuite> <!-- com.test.api.testGet -->
