<?xml version="1.0" encoding="UTF-8"?>
<!-- Generated by org.testng.reporters.JUnitReportReporter -->
<testsuite hostname="weiyideiMac.local" name="com.test.api.testGet" tests="1" failures="0" timestamp="24 Apr 2020 03:46:25 GMT" time="0.957" errors="0">
  <testcase name="testGetWithoutParam" time="0.957" classname="com.test.api.testGet"/>
</testsuite> <!-- com.test.api.testGet -->
