<?xml version="1.0" encoding="UTF-8"?>
<!-- Generated by org.testng.reporters.JUnitReportReporter -->
<testsuite hostname="lubin-ThinkPad-L440" name="com.autoTest.GetRequests" tests="1" failures="0" timestamp="16 Mar 2020 04:29:00 GMT" time="0.849" errors="0">
  <testcase name="getWithoutParam" time="0.849" classname="com.autoTest.GetRequests"/>
</testsuite> <!-- com.autoTest.GetRequests -->
