<?xml version="1.0" encoding="UTF-8"?>
<!-- Generated by org.testng.reporters.JUnitReportReporter -->
<testsuite hostname="weiyideiMac.local" name="com.test.api.testGet" tests="1" failures="0" timestamp="17 Apr 2020 07:59:21 GMT" time="1.197" errors="0">
  <testcase name="testGetWithoutParam" time="1.197" classname="com.test.api.testGet"/>
</testsuite> <!-- com.test.api.testGet -->
