<?xml version="1.0" encoding="UTF-8"?>
<!-- Generated by org.testng.reporters.JUnitReportReporter -->
<testsuite hostname="lubin-ThinkPad-L440" name="com.test.api.testGet" tests="1" failures="0" timestamp="16 Mar 2020 07:41:32 GMT" time="0.005" errors="0">
  <testcase name="TestAssert" time="0.005" classname="com.test.api.testGet"/>
</testsuite> <!-- com.test.api.testGet -->
