<?xml version="1.0" encoding="UTF-8"?>
<!-- Generated by org.testng.reporters.JUnitReportReporter -->
<testsuite hostname="lubin-ThinkPad-L440" name="com.test.utils.CsvProcess" tests="1" failures="0" timestamp="18 Mar 2020 14:07:23 GMT" time="0.010" errors="0">
  <testcase name="processCsv" time="0.010" classname="com.test.utils.CsvProcess"/>
</testsuite> <!-- com.test.utils.CsvProcess -->
